Traceback (most recent call last):
  File "python/scrape_wnba_team_rosters.py", line 31, in <module>
    from sportsdataverse.wnba.wnba_team_roster import espn_wnba_team_roster
ModuleNotFoundError: No module named 'sportsdataverse.wnba.wnba_team_roster'
Traceback (most recent call last):
  File "python/scrape_wnba_player_stats.py", line 29, in <module>
    from sportsdataverse.wnba.wnba_player_stats import espn_wnba_player_stats
ModuleNotFoundError: No module named 'sportsdataverse.wnba.wnba_player_stats'
Traceback (most recent call last):
  File "python/scrape_wnba_team_stats.py", line 38, in <module>
    from sportsdataverse.wnba.wnba_team_stats import espn_wnba_team_stats
ModuleNotFoundError: No module named 'sportsdataverse.wnba.wnba_team_stats'
Traceback (most recent call last):
  File "python/scrape_wnba_standings.py", line 35, in <module>
    from sportsdataverse.wnba.wnba_standings import espn_wnba_standings
ModuleNotFoundError: No module named 'sportsdataverse.wnba.wnba_standings'
WNBA game rosters 2026:   0%|          | 0/43 [00:00<?, ?it/s]WNBA game rosters 2026:   2%|▏         | 1/43 [00:00<00:31,  1.33it/s]WNBA game rosters 2026:  12%|█▏        | 5/43 [00:00<00:05,  7.26it/s]WNBA game rosters 2026:  19%|█▊        | 8/43 [00:01<00:04,  8.08it/s]WNBA game rosters 2026:  23%|██▎       | 10/43 [00:01<00:04,  6.83it/s]WNBA game rosters 2026:  35%|███▍      | 15/43 [00:01<00:02, 12.24it/s]WNBA game rosters 2026:  42%|████▏     | 18/43 [00:02<00:03,  7.52it/s]WNBA game rosters 2026:  47%|████▋     | 20/43 [00:02<00:02,  8.63it/s]WNBA game rosters 2026:  53%|█████▎    | 23/43 [00:02<00:02,  9.72it/s]WNBA game rosters 2026:  58%|█████▊    | 25/43 [00:03<00:02,  7.47it/s]WNBA game rosters 2026:  65%|██████▌   | 28/43 [00:03<00:01,  9.49it/s]WNBA game rosters 2026:  70%|██████▉   | 30/43 [00:03<00:01,  9.09it/s]WNBA game rosters 2026:  74%|███████▍  | 32/43 [00:04<00:01,  7.09it/s]WNBA game rosters 2026:  79%|███████▉  | 34/43 [00:04<00:01,  8.22it/s]WNBA game rosters 2026:  88%|████████▊ | 38/43 [00:04<00:00, 11.27it/s]WNBA game rosters 2026:  93%|█████████▎| 40/43 [00:04<00:00,  9.30it/s]WNBA game rosters 2026:  98%|█████████▊| 42/43 [00:04<00:00, 10.36it/s]WNBA game rosters 2026: 100%|██████████| 43/43 [00:04<00:00,  8.75it/s]
Traceback (most recent call last):
  File "python/scrape_wnba_officials.py", line 38, in <module>
    from sportsdataverse.wnba.wnba_event_officials import espn_wnba_event_officials
ModuleNotFoundError: No module named 'sportsdataverse.wnba.wnba_event_officials'
[main 929ff5f5c] WNBA Raw Update (Start: 2026 End: 2026)
 134 files changed, 778470 insertions(+), 457174 deletions(-)
 create mode 100644 wnba/game_rosters/json/401856930.json
 create mode 100644 wnba/game_rosters/json/401856931.json
 create mode 100644 wnba/game_rosters/json/401856932.json
 create mode 100644 wnba/json/final/401856930.json
 create mode 100644 wnba/json/final/401856931.json
 create mode 100644 wnba/json/final/401856932.json
 create mode 100644 wnba/json/raw/401856930.json
 create mode 100644 wnba/json/raw/401856931.json
 create mode 100644 wnba/json/raw/401856932.json
 rewrite wnba/schedules/rds/wnba_schedule_2026.rds (98%)
To github.com:sportsdataverse/wehoop-wnba-raw.git
   6dffa65a8..929ff5f5c  main -> main
